<?xml version="1.0" encoding="UTF-8"?>
<robot generator="Robot 6.0.2 (Python 3.9.13 on win32)" generated="20230601 15:35:44.057" rpa="false" schemaversion="3">
<suite id="s1" name="Testbaidu" source="D:\QSHF\PYTHON\interface\test\Test1\testbaidu">
<suite id="s1-s1" name="Suite1" source="D:\QSHF\PYTHON\interface\test\Test1\testbaidu\Suite1.robot">
<test id="s1-s1-t1" name="baiduApi" line="19">
<kw name="Get Time" library="BuiltIn">
<var>${time}</var>
<doc>Returns the given time in the requested format.</doc>
<msg timestamp="20230601 15:35:46.000" level="INFO">${time} = 2023-06-01 15:35:46</msg>
<status status="PASS" starttime="20230601 15:35:46.000" endtime="20230601 15:35:46.000"/>
</kw>
<kw name="Log" library="BuiltIn">
<arg>${time}</arg>
<doc>Logs the given message with the given level.</doc>
<msg timestamp="20230601 15:35:46.000" level="INFO">2023-06-01 15:35:46</msg>
<status status="PASS" starttime="20230601 15:35:46.000" endtime="20230601 15:35:46.000"/>
</kw>
<kw name="Create Dictionary" library="BuiltIn">
<var>${headers}</var>
<arg>Content-Type=text/plain; charset=UTF-8</arg>
<doc>Creates and returns a dictionary based on the given ``items``.</doc>
<msg timestamp="20230601 15:35:46.001" level="INFO">${headers} = {'Content-Type': 'text/plain; charset=UTF-8'}</msg>
<status status="PASS" starttime="20230601 15:35:46.000" endtime="20230601 15:35:46.001"/>
</kw>
<kw name="Log" library="BuiltIn">
<arg>请求头：${headers}</arg>
<doc>Logs the given message with the given level.</doc>
<msg timestamp="20230601 15:35:46.008" level="INFO">请求头：{'Content-Type': 'text/plain; charset=UTF-8'}</msg>
<status status="PASS" starttime="20230601 15:35:46.001" endtime="20230601 15:35:46.008"/>
</kw>
<kw name="Get" library="requests">
<var>${resp}</var>
<arg>${URL}/sugrec</arg>
<doc>Sends a GET request.</doc>
<msg timestamp="20230601 15:35:46.992" level="INFO">${resp} = &lt;Response [200]&gt;</msg>
<status status="PASS" starttime="20230601 15:35:46.008" endtime="20230601 15:35:46.992"/>
</kw>
<kw name="Log" library="BuiltIn">
<arg>响应头内容：${resp.headers}</arg>
<doc>Logs the given message with the given level.</doc>
<msg timestamp="20230601 15:35:46.993" level="INFO">响应头内容：{'Content-Length': '54', 'Content-Type': 'text/plain; charset=UTF-8', 'Date': 'Thu, 01 Jun 2023 07:35:53 GMT'}</msg>
<status status="PASS" starttime="20230601 15:35:46.992" endtime="20230601 15:35:46.993"/>
</kw>
<kw name="Log" library="BuiltIn">
<arg>响应体编码方式：${resp.encoding}</arg>
<doc>Logs the given message with the given level.</doc>
<msg timestamp="20230601 15:35:46.993" level="INFO">响应体编码方式：UTF-8</msg>
<status status="PASS" starttime="20230601 15:35:46.993" endtime="20230601 15:35:46.993"/>
</kw>
<kw name="Log" library="BuiltIn">
<arg>文档编码方式(从HTML文档中找)：${resp.apparent_encoding}</arg>
<doc>Logs the given message with the given level.</doc>
<msg timestamp="20230601 15:35:47.157" level="INFO">文档编码方式(从HTML文档中找)：ascii</msg>
<status status="PASS" starttime="20230601 15:35:46.994" endtime="20230601 15:35:47.157"/>
</kw>
<kw name="Log" library="BuiltIn">
<arg>响应的状态码：${resp.status_code}</arg>
<doc>Logs the given message with the given level.</doc>
<msg timestamp="20230601 15:35:47.157" level="INFO">响应的状态码：200</msg>
<status status="PASS" starttime="20230601 15:35:47.157" endtime="20230601 15:35:47.157"/>
</kw>
<kw name="Log" library="BuiltIn">
<arg>获取返回的cookie信息：${resp.cookies.get_dict()}</arg>
<doc>Logs the given message with the given level.</doc>
<msg timestamp="20230601 15:35:47.158" level="INFO">获取返回的cookie信息：{}</msg>
<status status="PASS" starttime="20230601 15:35:47.157" endtime="20230601 15:35:47.158"/>
</kw>
<kw name="Log" library="BuiltIn">
<arg>返回正文：${resp.content}</arg>
<doc>Logs the given message with the given level.</doc>
<msg timestamp="20230601 15:35:47.158" level="INFO">返回正文：{"err_no":0,"errmsg":"","queryid":"0x19834a6ad96ecc4"}</msg>
<status status="PASS" starttime="20230601 15:35:47.158" endtime="20230601 15:35:47.158"/>
</kw>
<kw name="Log" library="BuiltIn">
<arg>将返回结果转化为json格式：${resp.json()}</arg>
<doc>Logs the given message with the given level.</doc>
<msg timestamp="20230601 15:35:47.159" level="INFO">将返回结果转化为json格式：{'err_no': 0, 'errmsg': '', 'queryid': '0x19834a6ad96ecc4'}</msg>
<status status="PASS" starttime="20230601 15:35:47.159" endtime="20230601 15:35:47.159"/>
</kw>
<kw name="Log" library="BuiltIn">
<arg>重定向历史，即前一次请求地址：${resp.history}</arg>
<doc>Logs the given message with the given level.</doc>
<msg timestamp="20230601 15:35:47.160" level="INFO">重定向历史，即前一次请求地址：[]</msg>
<status status="PASS" starttime="20230601 15:35:47.159" endtime="20230601 15:35:47.160"/>
</kw>
<kw name="Set Variable" library="BuiltIn">
<var>${res}</var>
<arg>${resp.content}</arg>
<doc>Returns the given values which can then be assigned to a variables.</doc>
<msg timestamp="20230601 15:35:47.160" level="INFO">${res} = {"err_no":0,"errmsg":"","queryid":"0x19834a6ad96ecc4"}</msg>
<status status="PASS" starttime="20230601 15:35:47.160" endtime="20230601 15:35:47.160"/>
</kw>
<kw name="Log" library="BuiltIn">
<arg>${res}</arg>
<doc>Logs the given message with the given level.</doc>
<msg timestamp="20230601 15:35:47.160" level="INFO">{"err_no":0,"errmsg":"","queryid":"0x19834a6ad96ecc4"}</msg>
<status status="PASS" starttime="20230601 15:35:47.160" endtime="20230601 15:35:47.162"/>
</kw>
<kw name="Evaluate" library="BuiltIn">
<var>${data}</var>
<arg>json.loads($res)</arg>
<arg>json</arg>
<doc>Evaluates the given expression in Python and returns the result.</doc>
<msg timestamp="20230601 15:35:47.163" level="INFO">${data} = {'err_no': 0, 'errmsg': '', 'queryid': '0x19834a6ad96ecc4'}</msg>
<status status="PASS" starttime="20230601 15:35:47.162" endtime="20230601 15:35:47.163"/>
</kw>
<kw name="Log" library="BuiltIn">
<arg>${data['queryid']}</arg>
<doc>Logs the given message with the given level.</doc>
<msg timestamp="20230601 15:35:47.165" level="INFO">0x19834a6ad96ecc4</msg>
<status status="PASS" starttime="20230601 15:35:47.163" endtime="20230601 15:35:47.165"/>
</kw>
<status status="PASS" starttime="20230601 15:35:46.000" endtime="20230601 15:35:47.165"/>
</test>
<test id="s1-s1-t2" name="baidu" line="38">
<kw name="Log" library="BuiltIn">
<arg>${url}</arg>
<doc>Logs the given message with the given level.</doc>
<msg timestamp="20230601 15:35:47.166" level="INFO">http://www.baidu.com</msg>
<status status="PASS" starttime="20230601 15:35:47.166" endtime="20230601 15:35:47.166"/>
</kw>
<kw name="Open Browser" library="SeleniumLibrary">
<arg>${url}</arg>
<arg>Chrome</arg>
<doc>Opens a new browser instance to the optional ``url``.</doc>
<msg timestamp="20230601 15:35:47.166" level="INFO">Opening browser 'Chrome' to base url 'http://www.baidu.com'.</msg>
<status status="PASS" starttime="20230601 15:35:47.166" endtime="20230601 15:35:50.419"/>
</kw>
<status status="PASS" starttime="20230601 15:35:47.165" endtime="20230601 15:35:50.420"/>
</test>
<status status="PASS" starttime="20230601 15:35:44.128" endtime="20230601 15:35:50.421"/>
</suite>
<status status="PASS" starttime="20230601 15:35:44.060" endtime="20230601 15:35:50.423"/>
</suite>
<statistics>
<total>
<stat pass="2" fail="0" skip="0">All Tests</stat>
</total>
<tag>
</tag>
<suite>
<stat pass="2" fail="0" skip="0" id="s1" name="Testbaidu">Testbaidu</stat>
<stat pass="2" fail="0" skip="0" id="s1-s1" name="Suite1">Testbaidu.Suite1</stat>
</suite>
</statistics>
<errors>
</errors>
</robot>
