<?xml version="1.0" encoding="UTF-8"?>
<robot generator="Robot 6.0.2 (Python 3.9.13 on win32)" generated="20230613 17:16:43.514" rpa="false" schemaversion="3">
<suite id="s1" name="Testbaidu" source="D:\QS-HF\RTF\interface\test\Test1\testbaidu">
<suite id="s1-s1" name="Suite1" source="D:\QS-HF\RTF\interface\test\Test1\testbaidu\Suite1.robot">
<test id="s1-s1-t1" name="baiduApi" line="19">
<kw name="Get Time" library="BuiltIn">
<var>${time}</var>
<doc>Returns the given time in the requested format.</doc>
<msg timestamp="20230613 17:16:43.718" level="INFO">${time} = 2023-06-13 17:16:43</msg>
<status status="PASS" starttime="20230613 17:16:43.718" endtime="20230613 17:16:43.718"/>
</kw>
<kw name="Log" library="BuiltIn">
<arg>${time}</arg>
<doc>Logs the given message with the given level.</doc>
<msg timestamp="20230613 17:16:43.718" level="INFO">2023-06-13 17:16:43</msg>
<status status="PASS" starttime="20230613 17:16:43.718" endtime="20230613 17:16:43.718"/>
</kw>
<kw name="Create Dictionary" library="BuiltIn">
<var>${headers}</var>
<arg>Content-Type=text/plain; charset=UTF-8</arg>
<doc>Creates and returns a dictionary based on the given ``items``.</doc>
<msg timestamp="20230613 17:16:43.718" level="INFO">${headers} = {'Content-Type': 'text/plain; charset=UTF-8'}</msg>
<status status="PASS" starttime="20230613 17:16:43.718" endtime="20230613 17:16:43.718"/>
</kw>
<kw name="Log" library="BuiltIn">
<arg>请求头：${headers}</arg>
<doc>Logs the given message with the given level.</doc>
<msg timestamp="20230613 17:16:43.718" level="INFO">请求头：{'Content-Type': 'text/plain; charset=UTF-8'}</msg>
<status status="PASS" starttime="20230613 17:16:43.718" endtime="20230613 17:16:43.718"/>
</kw>
<kw name="Get" library="requests">
<var>${resp}</var>
<arg>${URL}/sugrec</arg>
<doc>Sends a GET request.</doc>
<msg timestamp="20230613 17:16:43.845" level="INFO">${resp} = &lt;Response [200]&gt;</msg>
<status status="PASS" starttime="20230613 17:16:43.719" endtime="20230613 17:16:43.845"/>
</kw>
<kw name="Log" library="BuiltIn">
<arg>响应头内容：${resp.headers}</arg>
<doc>Logs the given message with the given level.</doc>
<msg timestamp="20230613 17:16:43.845" level="INFO">响应头内容：{'Content-Length': '54', 'Content-Type': 'text/plain; charset=UTF-8', 'Date': 'Tue, 13 Jun 2023 09:16:44 GMT'}</msg>
<status status="PASS" starttime="20230613 17:16:43.845" endtime="20230613 17:16:43.845"/>
</kw>
<kw name="Log" library="BuiltIn">
<arg>响应体编码方式：${resp.encoding}</arg>
<doc>Logs the given message with the given level.</doc>
<msg timestamp="20230613 17:16:43.846" level="INFO">响应体编码方式：UTF-8</msg>
<status status="PASS" starttime="20230613 17:16:43.845" endtime="20230613 17:16:43.846"/>
</kw>
<kw name="Log" library="BuiltIn">
<arg>文档编码方式(从HTML文档中找)：${resp.apparent_encoding}</arg>
<doc>Logs the given message with the given level.</doc>
<msg timestamp="20230613 17:16:43.847" level="INFO">文档编码方式(从HTML文档中找)：ascii</msg>
<status status="PASS" starttime="20230613 17:16:43.846" endtime="20230613 17:16:43.847"/>
</kw>
<kw name="Log" library="BuiltIn">
<arg>响应的状态码：${resp.status_code}</arg>
<doc>Logs the given message with the given level.</doc>
<msg timestamp="20230613 17:16:43.848" level="INFO">响应的状态码：200</msg>
<status status="PASS" starttime="20230613 17:16:43.847" endtime="20230613 17:16:43.848"/>
</kw>
<kw name="Log" library="BuiltIn">
<arg>获取返回的cookie信息：${resp.cookies.get_dict()}</arg>
<doc>Logs the given message with the given level.</doc>
<msg timestamp="20230613 17:16:43.848" level="INFO">获取返回的cookie信息：{}</msg>
<status status="PASS" starttime="20230613 17:16:43.848" endtime="20230613 17:16:43.848"/>
</kw>
<kw name="Log" library="BuiltIn">
<arg>返回正文：${resp.content}</arg>
<doc>Logs the given message with the given level.</doc>
<msg timestamp="20230613 17:16:43.849" level="INFO">返回正文：{"err_no":0,"errmsg":"","queryid":"0x166bfc045fe8d99"}</msg>
<status status="PASS" starttime="20230613 17:16:43.848" endtime="20230613 17:16:43.849"/>
</kw>
<kw name="Log" library="BuiltIn">
<arg>将返回结果转化为json格式：${resp.json()}</arg>
<doc>Logs the given message with the given level.</doc>
<msg timestamp="20230613 17:16:43.849" level="INFO">将返回结果转化为json格式：{'err_no': 0, 'errmsg': '', 'queryid': '0x166bfc045fe8d99'}</msg>
<status status="PASS" starttime="20230613 17:16:43.849" endtime="20230613 17:16:43.849"/>
</kw>
<kw name="Log" library="BuiltIn">
<arg>重定向历史，即前一次请求地址：${resp.history}</arg>
<doc>Logs the given message with the given level.</doc>
<msg timestamp="20230613 17:16:43.850" level="INFO">重定向历史，即前一次请求地址：[]</msg>
<status status="PASS" starttime="20230613 17:16:43.849" endtime="20230613 17:16:43.850"/>
</kw>
<kw name="Set Variable" library="BuiltIn">
<var>${res}</var>
<arg>${resp.content}</arg>
<doc>Returns the given values which can then be assigned to a variables.</doc>
<msg timestamp="20230613 17:16:43.850" level="INFO">${res} = {"err_no":0,"errmsg":"","queryid":"0x166bfc045fe8d99"}</msg>
<status status="PASS" starttime="20230613 17:16:43.850" endtime="20230613 17:16:43.850"/>
</kw>
<kw name="Log" library="BuiltIn">
<arg>${res}</arg>
<doc>Logs the given message with the given level.</doc>
<msg timestamp="20230613 17:16:43.850" level="INFO">{"err_no":0,"errmsg":"","queryid":"0x166bfc045fe8d99"}</msg>
<status status="PASS" starttime="20230613 17:16:43.850" endtime="20230613 17:16:43.850"/>
</kw>
<kw name="Evaluate" library="BuiltIn">
<var>${data}</var>
<arg>json.loads($res)</arg>
<arg>json</arg>
<doc>Evaluates the given expression in Python and returns the result.</doc>
<msg timestamp="20230613 17:16:43.853" level="INFO">${data} = {'err_no': 0, 'errmsg': '', 'queryid': '0x166bfc045fe8d99'}</msg>
<status status="PASS" starttime="20230613 17:16:43.850" endtime="20230613 17:16:43.853"/>
</kw>
<kw name="Log" library="BuiltIn">
<arg>${data['queryid']}</arg>
<doc>Logs the given message with the given level.</doc>
<msg timestamp="20230613 17:16:43.853" level="INFO">0x166bfc045fe8d99</msg>
<status status="PASS" starttime="20230613 17:16:43.853" endtime="20230613 17:16:43.853"/>
</kw>
<status status="PASS" starttime="20230613 17:16:43.717" endtime="20230613 17:16:43.853"/>
</test>
<test id="s1-s1-t2" name="baidu" line="38">
<kw name="Log" library="BuiltIn">
<arg>${url}</arg>
<doc>Logs the given message with the given level.</doc>
<msg timestamp="20230613 17:16:43.853" level="INFO">http://www.baidu.com</msg>
<status status="PASS" starttime="20230613 17:16:43.853" endtime="20230613 17:16:43.853"/>
</kw>
<kw name="Open Browser" library="SeleniumLibrary">
<arg>${url}</arg>
<arg>Chrome</arg>
<doc>Opens a new browser instance to the optional ``url``.</doc>
<msg timestamp="20230613 17:16:43.854" level="INFO">Opening browser 'Chrome' to base url 'http://www.baidu.com'.</msg>
<status status="PASS" starttime="20230613 17:16:43.854" endtime="20230613 17:16:47.115"/>
</kw>
<status status="PASS" starttime="20230613 17:16:43.853" endtime="20230613 17:16:47.115"/>
</test>
<status status="PASS" starttime="20230613 17:16:43.531" endtime="20230613 17:16:47.116"/>
</suite>
<status status="PASS" starttime="20230613 17:16:43.515" endtime="20230613 17:16:47.117"/>
</suite>
<statistics>
<total>
<stat pass="2" fail="0" skip="0">All Tests</stat>
</total>
<tag>
</tag>
<suite>
<stat pass="2" fail="0" skip="0" id="s1" name="Testbaidu">Testbaidu</stat>
<stat pass="2" fail="0" skip="0" id="s1-s1" name="Suite1">Testbaidu.Suite1</stat>
</suite>
</statistics>
<errors>
</errors>
</robot>
